Using pre-set license
Built from '2020.3/staging' branch; Version is '2020.3.3f1 (76626098c1c4) revision 7758432'; Using compiler version '192528614'; Build Type 'Release'
OS: 'Windows 10 Pro; OS build 19041.1288; Version 2004; 64bit' Language: 'en' Physical Memory: 8132 MB
BatchMode: 1, IsHumanControllingUs: 0, StartBugReporterOnCrash: 0, Is64bit: 1, IsPro: 0

 COMMAND LINE ARGUMENTS:
C:\Program Files\Unity\Hub\Editor\2020.3.3f1\Editor\Unity.exe
-adb2
-batchMode
-noUpm
-name
AssetImportWorker0
-projectPath
C:/Users/Serhio/UnityProjects/Liver
-logFile
Logs/AssetImportWorker0.log
-srvPort
59424
Successfully changed project path to: C:/Users/Serhio/UnityProjects/Liver
C:/Users/Serhio/UnityProjects/Liver
Using Asset Import Pipeline V2.
Refreshing native plugins compatible for Editor in 30.45 ms, found 0 plugins.
Preloading 0 native plugins for Editor in 0.00 ms.
Initialize engine version: 2020.3.3f1 (76626098c1c4)
[Subsystems] Discovering subsystems at path C:/Program Files/Unity/Hub/Editor/2020.3.3f1/Editor/Data/Resources/UnitySubsystems
[Subsystems] Discovering subsystems at path C:/Users/Serhio/UnityProjects/Liver/Assets
GfxDevice: creating device client; threaded=0
Direct3D:
    Version:  Direct3D 11.0 [level 11.0]
    Renderer: NVIDIA GeForce GT 750M (ID=0xfe9)
    Vendor:   
    VRAM:     984 MB
    Driver:   25.21.14.1694
Initialize mono
Mono path[0] = 'C:/Program Files/Unity/Hub/Editor/2020.3.3f1/Editor/Data/Managed'
Mono path[1] = 'C:/Program Files/Unity/Hub/Editor/2020.3.3f1/Editor/Data/MonoBleedingEdge/lib/mono/unityjit'
Mono config path = 'C:/Program Files/Unity/Hub/Editor/2020.3.3f1/Editor/Data/MonoBleedingEdge/etc'
Using monoOptions --debugger-agent=transport=dt_socket,embedding=1,server=y,suspend=n,address=127.0.0.1:56144
Begin MonoManager ReloadAssembly
Registering precompiled unity dll's ...
Register platform support module: C:/Program Files/Unity/Hub/Editor/2020.3.3f1/Editor/Data/PlaybackEngines/WindowsStandaloneSupport/UnityEditor.WindowsStandalone.Extensions.dll
Registered in 0.001551 seconds.
Native extension for WindowsStandalone target not found
Refreshing native plugins compatible for Editor in 30.65 ms, found 0 plugins.
Preloading 0 native plugins for Editor in 0.00 ms.
Invoked RoslynAnalysisRunner static constructor.
RoslynAnalysisRunner will not be running.
RoslynAnalysisRunner has terminated.
Mono: successfully reloaded assembly
- Completed reload, in  2.366 seconds
Platform modules already initialized, skipping
Registering precompiled user dll's ...
Registered in 0.000706 seconds.
Begin MonoManager ReloadAssembly
Native extension for WindowsStandalone target not found
Refreshing native plugins compatible for Editor in 0.30 ms, found 0 plugins.
Preloading 0 native plugins for Editor in 0.00 ms.
Invoked RoslynAnalysisRunner static constructor.
RoslynAnalysisRunner will not be running.
RoslynAnalysisRunner has terminated.
Mono: successfully reloaded assembly
- Completed reload, in  0.893 seconds
Platform modules already initialized, skipping
========================================================================
Worker process is ready to serve import requests
Launched and connected shader compiler UnityShaderCompiler.exe after 0.06 seconds
Refreshing native plugins compatible for Editor in 0.36 ms, found 0 plugins.
Preloading 0 native plugins for Editor in 0.00 ms.
Unloading 1127 Unused Serialized files (Serialized files now loaded: 0)
System memory in use before: 59.0 MB.
System memory in use after: 59.1 MB.

Unloading 10 unused Assets to reduce memory usage. Loaded Objects now: 1577.
Total: 2.024600 ms (FindLiveObjects: 0.188300 ms CreateObjectMapping: 0.095200 ms MarkObjects: 1.634000 ms  DeleteObjects: 0.106000 ms)

========================================================================
Received Import Request.
  path: Assets/Simple Livery Creator/Scripts/DecalPaintPicker.cs
  artifactKey: Guid(2f1f9d9f4854dcc48bf15dc2ad0a834d) Importer(815301076,1909f56bfc062723c751e8b465ee728b)
Start importing Assets/Simple Livery Creator/Scripts/DecalPaintPicker.cs using Guid(2f1f9d9f4854dcc48bf15dc2ad0a834d) Importer(815301076,1909f56bfc062723c751e8b465ee728b)  -> (artifact id: 'fcbd4cb89f3b293d7ce15695fe1ee6c2') in 0.053770 seconds
  Import took 0.056461 seconds .

========================================================================
Received Import Request.
  Time since last request: 76.111594 seconds.
  path: Assets/Simple Livery Creator/Scripts/DecalPaintPicker.cs
  artifactKey: Guid(2f1f9d9f4854dcc48bf15dc2ad0a834d) Importer(815301076,1909f56bfc062723c751e8b465ee728b)
Start importing Assets/Simple Livery Creator/Scripts/DecalPaintPicker.cs using Guid(2f1f9d9f4854dcc48bf15dc2ad0a834d) Importer(815301076,1909f56bfc062723c751e8b465ee728b)  -> (artifact id: '1cb423558d69559154567b284b8355d1') in 0.003154 seconds
  Import took 0.006033 seconds .

========================================================================
Received Prepare
Registering precompiled user dll's ...
Registered in 0.000729 seconds.
Begin MonoManager ReloadAssembly
Native extension for WindowsStandalone target not found
Refreshing native plugins compatible for Editor in 0.29 ms, found 0 plugins.
Preloading 0 native plugins for Editor in 0.00 ms.
Invoked RoslynAnalysisRunner static constructor.
RoslynAnalysisRunner will not be running.
RoslynAnalysisRunner has terminated.
Mono: successfully reloaded assembly
- Completed reload, in  0.866 seconds
Platform modules already initialized, skipping
Refreshing native plugins compatible for Editor in 0.33 ms, found 0 plugins.
Preloading 0 native plugins for Editor in 0.00 ms.
Unloading 1121 Unused Serialized files (Serialized files now loaded: 0)
System memory in use before: 58.8 MB.
System memory in use after: 58.9 MB.

Unloading 5 unused Assets to reduce memory usage. Loaded Objects now: 1580.
Total: 2.435600 ms (FindLiveObjects: 0.206900 ms CreateObjectMapping: 0.098600 ms MarkObjects: 2.037400 ms  DeleteObjects: 0.091400 ms)

========================================================================
Received Prepare
Registering precompiled user dll's ...
Registered in 0.001476 seconds.
Begin MonoManager ReloadAssembly
Native extension for WindowsStandalone target not found
Refreshing native plugins compatible for Editor in 0.37 ms, found 0 plugins.
Preloading 0 native plugins for Editor in 0.00 ms.
Invoked RoslynAnalysisRunner static constructor.
RoslynAnalysisRunner will not be running.
RoslynAnalysisRunner has terminated.
Mono: successfully reloaded assembly
- Completed reload, in  0.971 seconds
Platform modules already initialized, skipping
Refreshing native plugins compatible for Editor in 0.33 ms, found 0 plugins.
Preloading 0 native plugins for Editor in 0.00 ms.
Unloading 1121 Unused Serialized files (Serialized files now loaded: 0)
System memory in use before: 58.9 MB.
System memory in use after: 58.9 MB.

Unloading 5 unused Assets to reduce memory usage. Loaded Objects now: 1583.
Total: 3.306300 ms (FindLiveObjects: 0.205100 ms CreateObjectMapping: 0.099000 ms MarkObjects: 2.931800 ms  DeleteObjects: 0.068300 ms)

========================================================================
Received Import Request.
  Time since last request: 42.284230 seconds.
  path: Assets/Simple Livery Creator/Scripts/DecalPaintPicker.cs
  artifactKey: Guid(2f1f9d9f4854dcc48bf15dc2ad0a834d) Importer(815301076,1909f56bfc062723c751e8b465ee728b)
Start importing Assets/Simple Livery Creator/Scripts/DecalPaintPicker.cs using Guid(2f1f9d9f4854dcc48bf15dc2ad0a834d) Importer(815301076,1909f56bfc062723c751e8b465ee728b)  -> (artifact id: '723d239ceb33b34084bb290d04d399f1') in 0.006922 seconds
  Import took 0.009575 seconds .

========================================================================
Received Import Request.
  Time since last request: 2.328155 seconds.
  path: Assets/Simple Livery Creator/Scripts/DecalPaintPicker.cs
  artifactKey: Guid(2f1f9d9f4854dcc48bf15dc2ad0a834d) Importer(815301076,1909f56bfc062723c751e8b465ee728b)
Start importing Assets/Simple Livery Creator/Scripts/DecalPaintPicker.cs using Guid(2f1f9d9f4854dcc48bf15dc2ad0a834d) Importer(815301076,1909f56bfc062723c751e8b465ee728b)  -> (artifact id: '723d239ceb33b34084bb290d04d399f1') in 0.002936 seconds
  Import took 0.005444 seconds .

========================================================================
Received Prepare
Registering precompiled user dll's ...
Registered in 0.000666 seconds.
Begin MonoManager ReloadAssembly
Native extension for WindowsStandalone target not found
Refreshing native plugins compatible for Editor in 0.29 ms, found 0 plugins.
Preloading 0 native plugins for Editor in 0.00 ms.
Invoked RoslynAnalysisRunner static constructor.
RoslynAnalysisRunner will not be running.
RoslynAnalysisRunner has terminated.
Mono: successfully reloaded assembly
- Completed reload, in  0.874 seconds
Platform modules already initialized, skipping
Refreshing native plugins compatible for Editor in 0.31 ms, found 0 plugins.
Preloading 0 native plugins for Editor in 0.00 ms.
Unloading 1121 Unused Serialized files (Serialized files now loaded: 0)
System memory in use before: 58.9 MB.
System memory in use after: 59.0 MB.

Unloading 5 unused Assets to reduce memory usage. Loaded Objects now: 1586.
Total: 1.903900 ms (FindLiveObjects: 0.154700 ms CreateObjectMapping: 0.044900 ms MarkObjects: 1.641200 ms  DeleteObjects: 0.062100 ms)

========================================================================
Received Import Request.
  Time since last request: 22.177963 seconds.
  path: Assets/Simple Livery Creator/Scripts/DecalPaintPicker.cs
  artifactKey: Guid(2f1f9d9f4854dcc48bf15dc2ad0a834d) Importer(815301076,1909f56bfc062723c751e8b465ee728b)
Start importing Assets/Simple Livery Creator/Scripts/DecalPaintPicker.cs using Guid(2f1f9d9f4854dcc48bf15dc2ad0a834d) Importer(815301076,1909f56bfc062723c751e8b465ee728b)  -> (artifact id: '4dff17b98eff585e8df1a7278fb9cb54') in 0.005051 seconds
  Import took 0.007332 seconds .

========================================================================
Received Import Request.
  Time since last request: 1.585894 seconds.
  path: Assets/Simple Livery Creator/Scripts/DecalPaintPicker.cs
  artifactKey: Guid(2f1f9d9f4854dcc48bf15dc2ad0a834d) Importer(815301076,1909f56bfc062723c751e8b465ee728b)
Start importing Assets/Simple Livery Creator/Scripts/DecalPaintPicker.cs using Guid(2f1f9d9f4854dcc48bf15dc2ad0a834d) Importer(815301076,1909f56bfc062723c751e8b465ee728b)  -> (artifact id: '4dff17b98eff585e8df1a7278fb9cb54') in 0.004146 seconds
  Import took 0.006414 seconds .

========================================================================
Received Prepare
Registering precompiled user dll's ...
Registered in 0.000747 seconds.
Begin MonoManager ReloadAssembly
Native extension for WindowsStandalone target not found
Refreshing native plugins compatible for Editor in 0.31 ms, found 0 plugins.
Preloading 0 native plugins for Editor in 0.00 ms.
Invoked RoslynAnalysisRunner static constructor.
RoslynAnalysisRunner will not be running.
RoslynAnalysisRunner has terminated.
Mono: successfully reloaded assembly
- Completed reload, in  0.906 seconds
Platform modules already initialized, skipping
Refreshing native plugins compatible for Editor in 0.32 ms, found 0 plugins.
Preloading 0 native plugins for Editor in 0.00 ms.
Unloading 1121 Unused Serialized files (Serialized files now loaded: 0)
System memory in use before: 58.9 MB.
System memory in use after: 59.0 MB.

Unloading 5 unused Assets to reduce memory usage. Loaded Objects now: 1589.
Total: 2.119200 ms (FindLiveObjects: 0.164400 ms CreateObjectMapping: 0.075900 ms MarkObjects: 1.786600 ms  DeleteObjects: 0.091400 ms)

========================================================================
Received Prepare
Registering precompiled user dll's ...
Registered in 0.000782 seconds.
Begin MonoManager ReloadAssembly
Native extension for WindowsStandalone target not found
Refreshing native plugins compatible for Editor in 0.29 ms, found 0 plugins.
Preloading 0 native plugins for Editor in 0.00 ms.
Invoked RoslynAnalysisRunner static constructor.
RoslynAnalysisRunner will not be running.
RoslynAnalysisRunner has terminated.
Mono: successfully reloaded assembly
- Completed reload, in  0.823 seconds
Platform modules already initialized, skipping
Refreshing native plugins compatible for Editor in 0.32 ms, found 0 plugins.
Preloading 0 native plugins for Editor in 0.00 ms.
Unloading 1121 Unused Serialized files (Serialized files now loaded: 0)
System memory in use before: 58.9 MB.
System memory in use after: 59.0 MB.

Unloading 5 unused Assets to reduce memory usage. Loaded Objects now: 1592.
Total: 2.209900 ms (FindLiveObjects: 0.173500 ms CreateObjectMapping: 0.081400 ms MarkObjects: 1.865400 ms  DeleteObjects: 0.084100 ms)

========================================================================
Received Import Request.
  Time since last request: 265.492271 seconds.
  path: Assets/Simple Livery Creator/Scripts/CanvasAnimations.cs
  artifactKey: Guid(e2f9312b95e1f2d4e960d17b00d1dad1) Importer(815301076,1909f56bfc062723c751e8b465ee728b)
Start importing Assets/Simple Livery Creator/Scripts/CanvasAnimations.cs using Guid(e2f9312b95e1f2d4e960d17b00d1dad1) Importer(815301076,1909f56bfc062723c751e8b465ee728b)  -> (artifact id: 'e99b60f6dc1b3885ea612210dc0147f3') in 0.011510 seconds
  Import took 0.013884 seconds .

========================================================================
Received Import Request.
  Time since last request: 0.025278 seconds.
  path: Assets/Simple Livery Creator/Scripts/CanvasAnimations.cs
  artifactKey: Guid(e2f9312b95e1f2d4e960d17b00d1dad1) Importer(815301076,1909f56bfc062723c751e8b465ee728b)
Start importing Assets/Simple Livery Creator/Scripts/CanvasAnimations.cs using Guid(e2f9312b95e1f2d4e960d17b00d1dad1) Importer(815301076,1909f56bfc062723c751e8b465ee728b)  -> (artifact id: 'e99b60f6dc1b3885ea612210dc0147f3') in 0.004959 seconds
  Import took 0.007272 seconds .

========================================================================
Received Prepare
Registering precompiled user dll's ...
Registered in 0.000778 seconds.
Begin MonoManager ReloadAssembly
Native extension for WindowsStandalone target not found
Refreshing native plugins compatible for Editor in 0.29 ms, found 0 plugins.
Preloading 0 native plugins for Editor in 0.00 ms.
Invoked RoslynAnalysisRunner static constructor.
RoslynAnalysisRunner will not be running.
RoslynAnalysisRunner has terminated.
Mono: successfully reloaded assembly
- Completed reload, in  0.900 seconds
Platform modules already initialized, skipping
Refreshing native plugins compatible for Editor in 0.35 ms, found 0 plugins.
Preloading 0 native plugins for Editor in 0.00 ms.
Unloading 1121 Unused Serialized files (Serialized files now loaded: 0)
System memory in use before: 58.9 MB.
System memory in use after: 59.0 MB.

Unloading 5 unused Assets to reduce memory usage. Loaded Objects now: 1595.
Total: 2.144800 ms (FindLiveObjects: 0.185400 ms CreateObjectMapping: 0.080800 ms MarkObjects: 1.815800 ms  DeleteObjects: 0.061600 ms)

========================================================================
Received Import Request.
  Time since last request: 120.926656 seconds.
  path: Assets/Simple Livery Creator/Scripts/SelectDecal.cs
  artifactKey: Guid(d2f9777f8e4cd75438b984fc64ab51b1) Importer(815301076,1909f56bfc062723c751e8b465ee728b)
Start importing Assets/Simple Livery Creator/Scripts/SelectDecal.cs using Guid(d2f9777f8e4cd75438b984fc64ab51b1) Importer(815301076,1909f56bfc062723c751e8b465ee728b)  -> (artifact id: '0b3daebaeaf963a983f54622b1eb5e96') in 0.081694 seconds
  Import took 0.084191 seconds .

========================================================================
Received Import Request.
  Time since last request: 1.596222 seconds.
  path: Assets/Simple Livery Creator/Scripts/SelectDecal.cs
  artifactKey: Guid(d2f9777f8e4cd75438b984fc64ab51b1) Importer(815301076,1909f56bfc062723c751e8b465ee728b)
Start importing Assets/Simple Livery Creator/Scripts/SelectDecal.cs using Guid(d2f9777f8e4cd75438b984fc64ab51b1) Importer(815301076,1909f56bfc062723c751e8b465ee728b)  -> (artifact id: '0b3daebaeaf963a983f54622b1eb5e96') in 0.004138 seconds
  Import took 0.006312 seconds .

========================================================================
Received Prepare
Registering precompiled user dll's ...
Registered in 0.000788 seconds.
Begin MonoManager ReloadAssembly
Native extension for WindowsStandalone target not found
Refreshing native plugins compatible for Editor in 0.44 ms, found 0 plugins.
Preloading 0 native plugins for Editor in 0.00 ms.
Invoked RoslynAnalysisRunner static constructor.
RoslynAnalysisRunner will not be running.
RoslynAnalysisRunner has terminated.
Mono: successfully reloaded assembly
- Completed reload, in  0.991 seconds
Platform modules already initialized, skipping
Refreshing native plugins compatible for Editor in 0.32 ms, found 0 plugins.
Preloading 0 native plugins for Editor in 0.00 ms.
Unloading 1121 Unused Serialized files (Serialized files now loaded: 0)
System memory in use before: 58.9 MB.
System memory in use after: 59.0 MB.

Unloading 5 unused Assets to reduce memory usage. Loaded Objects now: 1598.
Total: 2.278300 ms (FindLiveObjects: 0.203300 ms CreateObjectMapping: 0.086600 ms MarkObjects: 1.920100 ms  DeleteObjects: 0.066900 ms)

========================================================================
Received Prepare
Registering precompiled user dll's ...
Registered in 0.001217 seconds.
Begin MonoManager ReloadAssembly
Native extension for WindowsStandalone target not found
Refreshing native plugins compatible for Editor in 0.30 ms, found 0 plugins.
Preloading 0 native plugins for Editor in 0.00 ms.
Invoked RoslynAnalysisRunner static constructor.
RoslynAnalysisRunner will not be running.
RoslynAnalysisRunner has terminated.
Mono: successfully reloaded assembly
- Completed reload, in  0.867 seconds
Platform modules already initialized, skipping
Refreshing native plugins compatible for Editor in 0.31 ms, found 0 plugins.
Preloading 0 native plugins for Editor in 0.00 ms.
Unloading 1121 Unused Serialized files (Serialized files now loaded: 0)
System memory in use before: 58.9 MB.
System memory in use after: 59.0 MB.

Unloading 5 unused Assets to reduce memory usage. Loaded Objects now: 1601.
Total: 2.225800 ms (FindLiveObjects: 0.201700 ms CreateObjectMapping: 0.077900 ms MarkObjects: 1.875800 ms  DeleteObjects: 0.069200 ms)

========================================================================
Received Import Request.
  Time since last request: 183.264522 seconds.
  path: Assets/Simple Livery Creator/Scripts/SelectDecal.cs
  artifactKey: Guid(d2f9777f8e4cd75438b984fc64ab51b1) Importer(815301076,1909f56bfc062723c751e8b465ee728b)
Start importing Assets/Simple Livery Creator/Scripts/SelectDecal.cs using Guid(d2f9777f8e4cd75438b984fc64ab51b1) Importer(815301076,1909f56bfc062723c751e8b465ee728b)  -> (artifact id: '928c3893bc28efc08fc465cf95e9ccae') in 0.005221 seconds
  Import took 0.007683 seconds .

========================================================================
Received Import Request.
  Time since last request: 1.538680 seconds.
  path: Assets/Simple Livery Creator/Scripts/SelectDecal.cs
  artifactKey: Guid(d2f9777f8e4cd75438b984fc64ab51b1) Importer(815301076,1909f56bfc062723c751e8b465ee728b)
Start importing Assets/Simple Livery Creator/Scripts/SelectDecal.cs using Guid(d2f9777f8e4cd75438b984fc64ab51b1) Importer(815301076,1909f56bfc062723c751e8b465ee728b)  -> (artifact id: '928c3893bc28efc08fc465cf95e9ccae') in 0.004388 seconds
  Import took 0.006786 seconds .

========================================================================
Received Prepare
Registering precompiled user dll's ...
Registered in 0.000662 seconds.
Begin MonoManager ReloadAssembly
Native extension for WindowsStandalone target not found
Refreshing native plugins compatible for Editor in 0.35 ms, found 0 plugins.
Preloading 0 native plugins for Editor in 0.00 ms.
Invoked RoslynAnalysisRunner static constructor.
RoslynAnalysisRunner will not be running.
RoslynAnalysisRunner has terminated.
Mono: successfully reloaded assembly
- Completed reload, in  0.877 seconds
Platform modules already initialized, skipping
Refreshing native plugins compatible for Editor in 0.32 ms, found 0 plugins.
Preloading 0 native plugins for Editor in 0.00 ms.
Unloading 1121 Unused Serialized files (Serialized files now loaded: 0)
System memory in use before: 58.9 MB.
System memory in use after: 59.0 MB.

Unloading 5 unused Assets to reduce memory usage. Loaded Objects now: 1604.
Total: 2.231600 ms (FindLiveObjects: 0.179700 ms CreateObjectMapping: 0.085500 ms MarkObjects: 1.905100 ms  DeleteObjects: 0.060400 ms)

========================================================================
Received Prepare
Registering precompiled user dll's ...
Registered in 0.000722 seconds.
Begin MonoManager ReloadAssembly
Native extension for WindowsStandalone target not found
Refreshing native plugins compatible for Editor in 0.28 ms, found 0 plugins.
Preloading 0 native plugins for Editor in 0.00 ms.
Invoked RoslynAnalysisRunner static constructor.
RoslynAnalysisRunner will not be running.
RoslynAnalysisRunner has terminated.
Mono: successfully reloaded assembly
- Completed reload, in  0.819 seconds
Platform modules already initialized, skipping
Refreshing native plugins compatible for Editor in 0.32 ms, found 0 plugins.
Preloading 0 native plugins for Editor in 0.00 ms.
Unloading 1121 Unused Serialized files (Serialized files now loaded: 0)
System memory in use before: 58.9 MB.
System memory in use after: 59.0 MB.

Unloading 5 unused Assets to reduce memory usage. Loaded Objects now: 1607.
Total: 2.113800 ms (FindLiveObjects: 0.167000 ms CreateObjectMapping: 0.074500 ms MarkObjects: 1.780100 ms  DeleteObjects: 0.091200 ms)

AssetImportWorkerClient::OnTransportError - code=2 error=End of file
